  winfnt.c
  type42.c
  type1cid.c
  type1.c
  truetype.c
  sfnt.c
  raster.c
  psmodule.c
  pshinter.c
  psaux.c
  pfr.c
  pcf.c
  ftxf86.c
  ftwinfnt.c
  fttype1.c
  ftsynth.c
  ftpfr.c
  ftpatent.c
  ftotval.c
  ftmm.c
  正在生成代码...
  正在编译...
  ftlcdfil.c
  ftgxval.c
  ftbbox.c
  smooth.c
  ftsystem.c
  ftstroke.c
  ftlzw.c
  ftinit.c
  ftgzip.c
  ftglyph.c
  ftgasp.c
  ftfstype.c
  ftdebug.c
  ftcache.c
  ftbitmap.c
  ftbase.c
  cff.c
  bdf.c
  autofit.c
e:\lwmcode\game\mygame\freetype2\freetype2-2.4.12\src\autofit\afcjk.c(1884): warning C4819: 该文件包含不能在当前代码页(936)中表示的字符。请将该文件保存为 Unicode 格式以防止数据丢失
  正在生成代码...
  freetype.vcxproj -> E:\LWMCode\Game\MyGame\FreeType2\FreeType2-2.4.12\Builds\win32\vc2013\..\..\..\Lib\Win32\VS2013\freetype2412MT_D.lib
